=== Starting Backend Tue Apr 29 19:42:06 EDT 2025 ===
INFO:     Will watch for changes in these directories: ['/Users/abrahamabdin/Downloads/SmartDentalAI 3/backend']
INFO:     Uvicorn running on http://127.0.0.1:8000 (Press CTRL+C to quit)
INFO:     Started reloader process [77827] using statreload
Process SpawnProcess-1:
Traceback (most recent call last):
  File "/opt/homebrew/Cellar/python@3.11/3.11.12/Frameworks/Python.framework/Versions/3.11/lib/python3.11/multiprocessing/process.py", line 314, in _bootstrap
    self.run()
  File "/opt/homebrew/Cellar/python@3.11/3.11.12/Frameworks/Python.framework/Versions/3.11/lib/python3.11/multiprocessing/process.py", line 108, in run
    self._target(*self._args, **self._kwargs)
  File "/Users/abrahamabdin/Downloads/SmartDentalAI 3/.venv/lib/python3.11/site-packages/uvicorn/subprocess.py", line 76, in subprocess_started
    target(sockets=sockets)
  File "/Users/abrahamabdin/Downloads/SmartDentalAI 3/.venv/lib/python3.11/site-packages/uvicorn/server.py", line 68, in run
    return asyncio.run(self.serve(sockets=sockets))
           ^^^^^^^^^^^^^^^^^^^^^^^^^^^^^^^^^^^^^^^^
  File "/opt/homebrew/Cellar/python@3.11/3.11.12/Frameworks/Python.framework/Versions/3.11/lib/python3.11/asyncio/runners.py", line 190, in run
    return runner.run(main)
           ^^^^^^^^^^^^^^^^
  File "/opt/homebrew/Cellar/python@3.11/3.11.12/Frameworks/Python.framework/Versions/3.11/lib/python3.11/asyncio/runners.py", line 118, in run
    return self._loop.run_until_complete(task)
           ^^^^^^^^^^^^^^^^^^^^^^^^^^^^^^^^^^^
  File "/opt/homebrew/Cellar/python@3.11/3.11.12/Frameworks/Python.framework/Versions/3.11/lib/python3.11/asyncio/base_events.py", line 654, in run_until_complete
    return future.result()
           ^^^^^^^^^^^^^^^
  File "/Users/abrahamabdin/Downloads/SmartDentalAI 3/.venv/lib/python3.11/site-packages/uvicorn/server.py", line 76, in serve
    config.load()
  File "/Users/abrahamabdin/Downloads/SmartDentalAI 3/.venv/lib/python3.11/site-packages/uvicorn/config.py", line 448, in load
    self.loaded_app = import_from_string(self.app)
                      ^^^^^^^^^^^^^^^^^^^^^^^^^^^^
  File "/Users/abrahamabdin/Downloads/SmartDentalAI 3/.venv/lib/python3.11/site-packages/uvicorn/importer.py", line 21, in import_from_string
    module = importlib.import_module(module_str)
             ^^^^^^^^^^^^^^^^^^^^^^^^^^^^^^^^^^^
  File "/opt/homebrew/Cellar/python@3.11/3.11.12/Frameworks/Python.framework/Versions/3.11/lib/python3.11/importlib/__init__.py", line 126, in import_module
    return _bootstrap._gcd_import(name[level:], package, level)
           ^^^^^^^^^^^^^^^^^^^^^^^^^^^^^^^^^^^^^^^^^^^^^^^^^^^^
  File "<frozen importlib._bootstrap>", line 1204, in _gcd_import
  File "<frozen importlib._bootstrap>", line 1176, in _find_and_load
  File "<frozen importlib._bootstrap>", line 1147, in _find_and_load_unlocked
  File "<frozen importlib._bootstrap>", line 690, in _load_unlocked
  File "<frozen importlib._bootstrap_external>", line 940, in exec_module
  File "<frozen importlib._bootstrap>", line 241, in _call_with_frames_removed
  File "/Users/abrahamabdin/Downloads/SmartDentalAI 3/backend/api/main.py", line 1, in <module>
    from fastapi import FastAPI
  File "/Users/abrahamabdin/Downloads/SmartDentalAI 3/.venv/lib/python3.11/site-packages/fastapi/__init__.py", line 7, in <module>
    from .applications import FastAPI as FastAPI
  File "/Users/abrahamabdin/Downloads/SmartDentalAI 3/.venv/lib/python3.11/site-packages/fastapi/applications.py", line 3, in <module>
    from fastapi import routing
  File "/Users/abrahamabdin/Downloads/SmartDentalAI 3/.venv/lib/python3.11/site-packages/fastapi/routing.py", line 22, in <module>
    from fastapi.dependencies.models import Dependant
  File "/Users/abrahamabdin/Downloads/SmartDentalAI 3/.venv/lib/python3.11/site-packages/fastapi/dependencies/models.py", line 3, in <module>
    from fastapi.security.base import SecurityBase
  File "/Users/abrahamabdin/Downloads/SmartDentalAI 3/.venv/lib/python3.11/site-packages/fastapi/security/__init__.py", line 1, in <module>
    from .api_key import APIKeyCookie as APIKeyCookie
  File "/Users/abrahamabdin/Downloads/SmartDentalAI 3/.venv/lib/python3.11/site-packages/fastapi/security/api_key.py", line 3, in <module>
    from fastapi.openapi.models import APIKey, APIKeyIn
  File "/Users/abrahamabdin/Downloads/SmartDentalAI 3/.venv/lib/python3.11/site-packages/fastapi/openapi/models.py", line 103, in <module>
    class Schema(BaseModel):
  File "/Users/abrahamabdin/Downloads/SmartDentalAI 3/.venv/lib/python3.11/site-packages/pydantic/main.py", line 369, in __new__
    cls.__signature__ = ClassAttribute('__signature__', generate_model_signature(cls.__init__, fields, config))
                                                        ^^^^^^^^^^^^^^^^^^^^^^^^^^^^^^^^^^^^^^^^^^^^^^^^^^^^^^
  File "/Users/abrahamabdin/Downloads/SmartDentalAI 3/.venv/lib/python3.11/site-packages/pydantic/utils.py", line 231, in generate_model_signature
    merged_params[param_name] = Parameter(
                                ^^^^^^^^^^
  File "/opt/homebrew/Cellar/python@3.11/3.11.12/Frameworks/Python.framework/Versions/3.11/lib/python3.11/inspect.py", line 2708, in __init__
    raise ValueError('{!r} is not a valid parameter name'.format(name))
ValueError: 'not' is not a valid parameter name
